#! /usr/local/Cellar/icarus-verilog/12.0/bin/vvp
:ivl_version "12.0 (stable)";
:ivl_delay_selection "TYPICAL";
:vpi_time_precision + 0;
:vpi_module "/usr/local/Cellar/icarus-verilog/12.0/lib/ivl/system.vpi";
:vpi_module "/usr/local/Cellar/icarus-verilog/12.0/lib/ivl/vhdl_sys.vpi";
:vpi_module "/usr/local/Cellar/icarus-verilog/12.0/lib/ivl/vhdl_textio.vpi";
:vpi_module "/usr/local/Cellar/icarus-verilog/12.0/lib/ivl/v2005_math.vpi";
:vpi_module "/usr/local/Cellar/icarus-verilog/12.0/lib/ivl/va_math.vpi";
S_0x7fa0b20044f0 .scope module, "m_comp" "m_comp" 2 1;
 .timescale 0 0;
    .port_info 0 /INPUT 32 "w_in1";
    .port_info 1 /INPUT 32 "w_in2";
    .port_info 2 /OUTPUT 1 "w_out";
P_0x7fa0b2004660 .param/l "WIDTH" 0 2 1, +C4<00000000000000000000000000100000>;
o0x7fa0b2232008 .functor BUFZ 32, C4<zzzzzzzzzzzzzzzzzzzzzzzzzzzzzzzz>; HiZ drive
v0x7fa0b2004970_0 .net "w_in1", 31 0, o0x7fa0b2232008;  0 drivers
o0x7fa0b2232038 .functor BUFZ 32, C4<zzzzzzzzzzzzzzzzzzzzzzzzzzzzzzzz>; HiZ drive
v0x7fa0b2014980_0 .net "w_in2", 31 0, o0x7fa0b2232038;  0 drivers
v0x7fa0b2014a20_0 .net "w_out", 0 0, L_0x7fa0b201dc50;  1 drivers
L_0x7fa0b201dc50 .cmp/eq 32, o0x7fa0b2232008, o0x7fa0b2232038;
S_0x7fa0b20047f0 .scope module, "m_top" "m_top" 3 1;
 .timescale 0 0;
v0x7fa0b201dbc0_0 .var "r_clk", 0 0;
S_0x7fa0b2014b10 .scope module, "m" "m_proc5" 3 3, 4 1 0, S_0x7fa0b20047f0;
 .timescale 0 0;
    .port_info 0 /INPUT 1 "w_clk";
L_0x7fa0b201d8c0 .functor AND 1, L_0x7fa0b2021db0, L_0x7fa0b2021f50, C4<1>, C4<1>;
L_0x7fa0b201e560 .functor AND 1, L_0x7fa0b20224b0, L_0x7fa0b2022550, C4<1>, C4<1>;
L_0x7fa0b2022f20 .functor AND 1, L_0x7fa0b201e4c0, L_0x7fa0b2022a30, C4<1>, C4<1>;
v0x7fa0b201c9c0_0 .net *"_ivl_15", 0 0, L_0x7fa0b20224b0;  1 drivers
v0x7fa0b201ca50_0 .net *"_ivl_17", 0 0, L_0x7fa0b2022550;  1 drivers
v0x7fa0b201caf0_0 .net *"_ivl_3", 0 0, L_0x7fa0b2021db0;  1 drivers
v0x7fa0b201cb80_0 .net *"_ivl_5", 0 0, L_0x7fa0b2021f50;  1 drivers
v0x7fa0b201cc10_0 .var "r_pc", 31 0;
v0x7fa0b201ccf0_0 .net "w_alu", 31 0, L_0x7fa0b20227b0;  1 drivers
v0x7fa0b201cd90_0 .net "w_b", 0 0, L_0x7fa0b201e4c0;  1 drivers
v0x7fa0b201ce20_0 .net "w_clk", 0 0, v0x7fa0b201dbc0_0;  1 drivers
v0x7fa0b201cef0_0 .net "w_i", 0 0, L_0x7fa0b201edf0;  1 drivers
v0x7fa0b201d000_0 .net "w_imm", 31 0, L_0x7fa0b2021490;  1 drivers
v0x7fa0b201d110_0 .net "w_ir", 31 0, L_0x7fa0b201e190;  1 drivers
v0x7fa0b201d1a0_0 .net "w_j", 0 0, L_0x7fa0b201e960;  1 drivers
v0x7fa0b201d230_0 .net "w_ld", 0 0, L_0x7fa0b2021730;  1 drivers
v0x7fa0b201d2c0_0 .net "w_ldd", 31 0, L_0x7fa0b2022b70;  1 drivers
v0x7fa0b201d350_0 .net "w_npc", 31 0, L_0x7fa0b201dd10;  1 drivers
v0x7fa0b201d420_0 .net "w_pcin", 31 0, L_0x7fa0b2022d80;  1 drivers
v0x7fa0b201d4b0_0 .net "w_r", 0 0, L_0x7fa0b201e280;  1 drivers
v0x7fa0b201d680_0 .net "w_r1", 31 0, L_0x7fa0b2021a10;  1 drivers
v0x7fa0b201d710_0 .net "w_r2", 31 0, L_0x7fa0b2021cc0;  1 drivers
v0x7fa0b201d7a0_0 .net "w_rWB", 31 0, L_0x7fa0b2022be0;  1 drivers
v0x7fa0b201d830_0 .net "w_s", 0 0, L_0x7fa0b201e360;  1 drivers
v0x7fa0b201d940_0 .net "w_s2", 31 0, L_0x7fa0b2022410;  1 drivers
v0x7fa0b201d9d0_0 .net "w_tkn", 0 0, L_0x7fa0b2022a30;  1 drivers
v0x7fa0b201da60_0 .net "w_tpc", 31 0, L_0x7fa0b2022310;  1 drivers
v0x7fa0b201db30_0 .net "w_u", 0 0, L_0x7fa0b201e830;  1 drivers
L_0x7fa0b2021db0 .reduce/nor L_0x7fa0b201e360;
L_0x7fa0b2021f50 .reduce/nor L_0x7fa0b201e4c0;
L_0x7fa0b20220b0 .part L_0x7fa0b201e190, 15, 5;
L_0x7fa0b2022190 .part L_0x7fa0b201e190, 20, 5;
L_0x7fa0b2022270 .part L_0x7fa0b201e190, 7, 5;
L_0x7fa0b20224b0 .reduce/nor L_0x7fa0b201e280;
L_0x7fa0b2022550 .reduce/nor L_0x7fa0b201e4c0;
S_0x7fa0b2014cf0 .scope module, "m10" "m_mulp" 4 33, 5 1 0, S_0x7fa0b2014b10;
 .timescale 0 0;
    .port_info 0 /INPUT 32 "w_in0";
    .port_info 1 /INPUT 32 "w_in1";
    .port_info 2 /INPUT 1 "w_sel";
    .port_info 3 /OUTPUT 32 "w_out";
P_0x7fa0b2014ec0 .param/l "WIDTH" 0 5 1, +C4<00000000000000000000000000100000>;
v0x7fa0b2015060_0 .net "w_in0", 31 0, L_0x7fa0b20227b0;  alias, 1 drivers
v0x7fa0b2015120_0 .net "w_in1", 31 0, L_0x7fa0b2022b70;  alias, 1 drivers
v0x7fa0b20151c0_0 .net "w_out", 31 0, L_0x7fa0b2022be0;  alias, 1 drivers
v0x7fa0b2015250_0 .net "w_sel", 0 0, L_0x7fa0b2021730;  alias, 1 drivers
L_0x7fa0b2022be0 .functor MUXZ 32, L_0x7fa0b20227b0, L_0x7fa0b2022b70, L_0x7fa0b2021730, C4<>;
S_0x7fa0b2015310 .scope module, "m11" "m_mulp" 4 34, 5 1 0, S_0x7fa0b2014b10;
 .timescale 0 0;
    .port_info 0 /INPUT 32 "w_in0";
    .port_info 1 /INPUT 32 "w_in1";
    .port_info 2 /INPUT 1 "w_sel";
    .port_info 3 /OUTPUT 32 "w_out";
P_0x7fa0b20154e0 .param/l "WIDTH" 0 5 1, +C4<00000000000000000000000000100000>;
v0x7fa0b2015660_0 .net "w_in0", 31 0, L_0x7fa0b201dd10;  alias, 1 drivers
v0x7fa0b2015710_0 .net "w_in1", 31 0, L_0x7fa0b2022310;  alias, 1 drivers
v0x7fa0b20157b0_0 .net "w_out", 31 0, L_0x7fa0b2022d80;  alias, 1 drivers
v0x7fa0b2015840_0 .net "w_sel", 0 0, L_0x7fa0b2022f20;  1 drivers
L_0x7fa0b2022d80 .functor MUXZ 32, L_0x7fa0b201dd10, L_0x7fa0b2022310, L_0x7fa0b2022f20, C4<>;
S_0x7fa0b2015900 .scope module, "m2" "m_adder" 4 9, 6 1 0, S_0x7fa0b2014b10;
 .timescale 0 0;
    .port_info 0 /INPUT 32 "w_in1";
    .port_info 1 /INPUT 32 "w_in2";
    .port_info 2 /OUTPUT 32 "w_out";
L_0x7fa0b2263008 .functor BUFT 1, C4<00000000000000000000000000000100>, C4<0>, C4<0>, C4<0>;
v0x7fa0b2015b30_0 .net "w_in1", 31 0, L_0x7fa0b2263008;  1 drivers
v0x7fa0b2015be0_0 .net "w_in2", 31 0, v0x7fa0b201cc10_0;  1 drivers
v0x7fa0b2015c90_0 .net "w_out", 31 0, L_0x7fa0b201dd10;  alias, 1 drivers
L_0x7fa0b201dd10 .arith/sum 32, L_0x7fa0b2263008, v0x7fa0b201cc10_0;
S_0x7fa0b2015da0 .scope module, "m3" "am_imem" 4 14, 7 1 0, S_0x7fa0b2014b10;
 .timescale 0 0;
    .port_info 0 /INPUT 32 "w_pc";
    .port_info 1 /OUTPUT 32 "w_insn";
L_0x7fa0b201e190 .functor BUFZ 32, L_0x7fa0b201deb0, C4<00000000000000000000000000000000>, C4<00000000000000000000000000000000>, C4<00000000000000000000000000000000>;
v0x7fa0b2015fa0_0 .net *"_ivl_0", 31 0, L_0x7fa0b201deb0;  1 drivers
v0x7fa0b2016060_0 .net *"_ivl_3", 5 0, L_0x7fa0b201df50;  1 drivers
v0x7fa0b2016100_0 .net *"_ivl_4", 7 0, L_0x7fa0b201e010;  1 drivers
L_0x7fa0b2263050 .functor BUFT 1, C4<00>, C4<0>, C4<0>, C4<0>;
v0x7fa0b20161b0_0 .net *"_ivl_7", 1 0, L_0x7fa0b2263050;  1 drivers
v0x7fa0b2016260_0 .var/i "i", 31 0;
v0x7fa0b2016350 .array "mem", 63 0, 31 0;
v0x7fa0b20163f0_0 .net "w_insn", 31 0, L_0x7fa0b201e190;  alias, 1 drivers
v0x7fa0b20164a0_0 .net "w_pc", 31 0, v0x7fa0b201cc10_0;  alias, 1 drivers
L_0x7fa0b201deb0 .array/port v0x7fa0b2016350, L_0x7fa0b201e010;
L_0x7fa0b201df50 .part v0x7fa0b201cc10_0, 2, 6;
L_0x7fa0b201e010 .concat [ 6 2 0 0], L_0x7fa0b201df50, L_0x7fa0b2263050;
S_0x7fa0b2016560 .scope module, "m4" "m_gen_imm" 4 18, 8 1 0, S_0x7fa0b2014b10;
 .timescale 0 0;
    .port_info 0 /INPUT 32 "w_ir";
    .port_info 1 /OUTPUT 1 "w_r";
    .port_info 2 /OUTPUT 1 "w_i";
    .port_info 3 /OUTPUT 1 "w_s";
    .port_info 4 /OUTPUT 1 "w_b";
    .port_info 5 /OUTPUT 1 "w_u";
    .port_info 6 /OUTPUT 1 "w_j";
    .port_info 7 /OUTPUT 1 "w_ld";
    .port_info 8 /OUTPUT 32 "w_imm";
v0x7fa0b2019860_0 .net *"_ivl_3", 4 0, L_0x7fa0b2021570;  1 drivers
v0x7fa0b2019910_0 .net *"_ivl_4", 31 0, L_0x7fa0b2021610;  1 drivers
L_0x7fa0b2263368 .functor BUFT 1, C4<000000000000000000000000000>, C4<0>, C4<0>, C4<0>;
v0x7fa0b20199b0_0 .net *"_ivl_7", 26 0, L_0x7fa0b2263368;  1 drivers
L_0x7fa0b22633b0 .functor BUFT 1, C4<00000000000000000000000000000000>, C4<0>, C4<0>, C4<0>;
v0x7fa0b2019a40_0 .net/2u *"_ivl_8", 31 0, L_0x7fa0b22633b0;  1 drivers
v0x7fa0b2019af0_0 .net "w_b", 0 0, L_0x7fa0b201e4c0;  alias, 1 drivers
v0x7fa0b2019c00_0 .net "w_i", 0 0, L_0x7fa0b201edf0;  alias, 1 drivers
v0x7fa0b2019cd0_0 .net "w_imm", 31 0, L_0x7fa0b2021490;  alias, 1 drivers
v0x7fa0b2019d60_0 .net "w_ir", 31 0, L_0x7fa0b201e190;  alias, 1 drivers
v0x7fa0b2019e30_0 .net "w_j", 0 0, L_0x7fa0b201e960;  alias, 1 drivers
v0x7fa0b2019f40_0 .net "w_ld", 0 0, L_0x7fa0b2021730;  alias, 1 drivers
v0x7fa0b2019fd0_0 .net "w_r", 0 0, L_0x7fa0b201e280;  alias, 1 drivers
v0x7fa0b201a060_0 .net "w_s", 0 0, L_0x7fa0b201e360;  alias, 1 drivers
v0x7fa0b201a130_0 .net "w_u", 0 0, L_0x7fa0b201e830;  alias, 1 drivers
L_0x7fa0b201eee0 .part L_0x7fa0b201e190, 2, 5;
L_0x7fa0b2021570 .part L_0x7fa0b201e190, 2, 5;
L_0x7fa0b2021610 .concat [ 5 27 0 0], L_0x7fa0b2021570, L_0x7fa0b2263368;
L_0x7fa0b2021730 .cmp/eq 32, L_0x7fa0b2021610, L_0x7fa0b22633b0;
S_0x7fa0b2016890 .scope module, "m1" "m_get_type" 8 6, 8 11 0, S_0x7fa0b2016560;
 .timescale 0 0;
    .port_info 0 /INPUT 5 "opcode5";
    .port_info 1 /OUTPUT 1 "w_r";
    .port_info 2 /OUTPUT 1 "w_i";
    .port_info 3 /OUTPUT 1 "w_s";
    .port_info 4 /OUTPUT 1 "w_b";
    .port_info 5 /OUTPUT 1 "w_u";
    .port_info 6 /OUTPUT 1 "w_j";
L_0x7fa0b201e830 .functor OR 1, L_0x7fa0b201e5e0, L_0x7fa0b201e700, C4<0>, C4<0>;
L_0x7fa0b201ea80 .functor OR 1, L_0x7fa0b201e280, L_0x7fa0b201e360, C4<0>, C4<0>;
L_0x7fa0b201eb70 .functor OR 1, L_0x7fa0b201ea80, L_0x7fa0b201e4c0, C4<0>, C4<0>;
L_0x7fa0b201ec00 .functor OR 1, L_0x7fa0b201eb70, L_0x7fa0b201e830, C4<0>, C4<0>;
L_0x7fa0b201ecf0 .functor OR 1, L_0x7fa0b201ec00, L_0x7fa0b201e960, C4<0>, C4<0>;
L_0x7fa0b201edf0 .functor NOT 1, L_0x7fa0b201ecf0, C4<0>, C4<0>, C4<0>;
L_0x7fa0b2263098 .functor BUFT 1, C4<01100>, C4<0>, C4<0>, C4<0>;
v0x7fa0b2016b40_0 .net/2u *"_ivl_0", 4 0, L_0x7fa0b2263098;  1 drivers
L_0x7fa0b2263170 .functor BUFT 1, C4<00101>, C4<0>, C4<0>, C4<0>;
v0x7fa0b2016c00_0 .net/2u *"_ivl_12", 4 0, L_0x7fa0b2263170;  1 drivers
v0x7fa0b2016ca0_0 .net *"_ivl_14", 0 0, L_0x7fa0b201e5e0;  1 drivers
L_0x7fa0b22631b8 .functor BUFT 1, C4<01101>, C4<0>, C4<0>, C4<0>;
v0x7fa0b2016d50_0 .net/2u *"_ivl_16", 4 0, L_0x7fa0b22631b8;  1 drivers
v0x7fa0b2016df0_0 .net *"_ivl_18", 0 0, L_0x7fa0b201e700;  1 drivers
L_0x7fa0b2263200 .functor BUFT 1, C4<11011>, C4<0>, C4<0>, C4<0>;
v0x7fa0b2016ed0_0 .net/2u *"_ivl_22", 4 0, L_0x7fa0b2263200;  1 drivers
v0x7fa0b2016f80_0 .net *"_ivl_26", 0 0, L_0x7fa0b201ea80;  1 drivers
v0x7fa0b2017030_0 .net *"_ivl_28", 0 0, L_0x7fa0b201eb70;  1 drivers
v0x7fa0b20170e0_0 .net *"_ivl_30", 0 0, L_0x7fa0b201ec00;  1 drivers
v0x7fa0b20171f0_0 .net *"_ivl_32", 0 0, L_0x7fa0b201ecf0;  1 drivers
L_0x7fa0b22630e0 .functor BUFT 1, C4<01000>, C4<0>, C4<0>, C4<0>;
v0x7fa0b20172a0_0 .net/2u *"_ivl_4", 4 0, L_0x7fa0b22630e0;  1 drivers
L_0x7fa0b2263128 .functor BUFT 1, C4<11000>, C4<0>, C4<0>, C4<0>;
v0x7fa0b2017350_0 .net/2u *"_ivl_8", 4 0, L_0x7fa0b2263128;  1 drivers
v0x7fa0b2017400_0 .net "opcode5", 4 0, L_0x7fa0b201eee0;  1 drivers
v0x7fa0b20174b0_0 .net "w_b", 0 0, L_0x7fa0b201e4c0;  alias, 1 drivers
v0x7fa0b2017550_0 .net "w_i", 0 0, L_0x7fa0b201edf0;  alias, 1 drivers
v0x7fa0b20175f0_0 .net "w_j", 0 0, L_0x7fa0b201e960;  alias, 1 drivers
v0x7fa0b2017690_0 .net "w_r", 0 0, L_0x7fa0b201e280;  alias, 1 drivers
v0x7fa0b2017820_0 .net "w_s", 0 0, L_0x7fa0b201e360;  alias, 1 drivers
v0x7fa0b20178b0_0 .net "w_u", 0 0, L_0x7fa0b201e830;  alias, 1 drivers
L_0x7fa0b201e280 .cmp/eq 5, L_0x7fa0b201eee0, L_0x7fa0b2263098;
L_0x7fa0b201e360 .cmp/eq 5, L_0x7fa0b201eee0, L_0x7fa0b22630e0;
L_0x7fa0b201e4c0 .cmp/eq 5, L_0x7fa0b201eee0, L_0x7fa0b2263128;
L_0x7fa0b201e5e0 .cmp/eq 5, L_0x7fa0b201eee0, L_0x7fa0b2263170;
L_0x7fa0b201e700 .cmp/eq 5, L_0x7fa0b201eee0, L_0x7fa0b22631b8;
L_0x7fa0b201e960 .cmp/eq 5, L_0x7fa0b201eee0, L_0x7fa0b2263200;
S_0x7fa0b20179e0 .scope module, "m2" "m_get_imm" 8 7, 8 23 0, S_0x7fa0b2016560;
 .timescale 0 0;
    .port_info 0 /INPUT 32 "w_ir";
    .port_info 1 /INPUT 1 "w_i";
    .port_info 2 /INPUT 1 "w_s";
    .port_info 3 /INPUT 1 "w_b";
    .port_info 4 /INPUT 1 "w_u";
    .port_info 5 /INPUT 1 "w_j";
    .port_info 6 /OUTPUT 32 "w_imm";
v0x7fa0b2017c00_0 .net *"_ivl_1", 0 0, L_0x7fa0b201ef80;  1 drivers
v0x7fa0b2017c90_0 .net *"_ivl_10", 19 0, L_0x7fa0b201f740;  1 drivers
v0x7fa0b2017d40_0 .net *"_ivl_13", 6 0, L_0x7fa0b201f910;  1 drivers
v0x7fa0b2017e00_0 .net *"_ivl_15", 4 0, L_0x7fa0b201fc10;  1 drivers
v0x7fa0b2017eb0_0 .net *"_ivl_16", 31 0, L_0x7fa0b201fcb0;  1 drivers
v0x7fa0b2017fa0_0 .net *"_ivl_19", 0 0, L_0x7fa0b201fd50;  1 drivers
v0x7fa0b2018050_0 .net *"_ivl_2", 19 0, L_0x7fa0b201f020;  1 drivers
v0x7fa0b2018100_0 .net *"_ivl_20", 19 0, L_0x7fa0b201fdf0;  1 drivers
v0x7fa0b20181b0_0 .net *"_ivl_23", 0 0, L_0x7fa0b201ffc0;  1 drivers
v0x7fa0b20182c0_0 .net *"_ivl_25", 5 0, L_0x7fa0b20202c0;  1 drivers
v0x7fa0b2018370_0 .net *"_ivl_27", 3 0, L_0x7fa0b2020360;  1 drivers
L_0x7fa0b2263248 .functor BUFT 1, C4<0>, C4<0>, C4<0>, C4<0>;
v0x7fa0b2018420_0 .net/2u *"_ivl_28", 0 0, L_0x7fa0b2263248;  1 drivers
v0x7fa0b20184d0_0 .net *"_ivl_30", 31 0, L_0x7fa0b2020480;  1 drivers
v0x7fa0b2018580_0 .net *"_ivl_33", 19 0, L_0x7fa0b20205a0;  1 drivers
L_0x7fa0b2263290 .functor BUFT 1, C4<000000000000>, C4<0>, C4<0>, C4<0>;
v0x7fa0b2018630_0 .net/2u *"_ivl_34", 11 0, L_0x7fa0b2263290;  1 drivers
v0x7fa0b20186e0_0 .net *"_ivl_36", 31 0, L_0x7fa0b2020640;  1 drivers
v0x7fa0b2018790_0 .net *"_ivl_39", 0 0, L_0x7fa0b20207f0;  1 drivers
v0x7fa0b2018920_0 .net *"_ivl_40", 11 0, L_0x7fa0b201f610;  1 drivers
v0x7fa0b20189b0_0 .net *"_ivl_43", 7 0, L_0x7fa0b2020cb0;  1 drivers
v0x7fa0b2018a60_0 .net *"_ivl_45", 0 0, L_0x7fa0b2020d50;  1 drivers
v0x7fa0b2018b10_0 .net *"_ivl_47", 9 0, L_0x7fa0b2020c10;  1 drivers
L_0x7fa0b22632d8 .functor BUFT 1, C4<0>, C4<0>, C4<0>, C4<0>;
v0x7fa0b2018bc0_0 .net/2u *"_ivl_48", 0 0, L_0x7fa0b22632d8;  1 drivers
v0x7fa0b2018c70_0 .net *"_ivl_5", 11 0, L_0x7fa0b201f230;  1 drivers
v0x7fa0b2018d20_0 .net *"_ivl_50", 31 0, L_0x7fa0b2020ea0;  1 drivers
L_0x7fa0b2263320 .functor BUFT 1, C4<00000000000000000000000000000000>, C4<0>, C4<0>, C4<0>;
v0x7fa0b2018dd0_0 .net/2u *"_ivl_52", 31 0, L_0x7fa0b2263320;  1 drivers
v0x7fa0b2018e80_0 .net *"_ivl_54", 31 0, L_0x7fa0b2020df0;  1 drivers
v0x7fa0b2018f30_0 .net *"_ivl_56", 31 0, L_0x7fa0b2021100;  1 drivers
v0x7fa0b2018fe0_0 .net *"_ivl_58", 31 0, L_0x7fa0b2021270;  1 drivers
v0x7fa0b2019090_0 .net *"_ivl_6", 31 0, L_0x7fa0b201f170;  1 drivers
v0x7fa0b2019140_0 .net *"_ivl_60", 31 0, L_0x7fa0b2021310;  1 drivers
v0x7fa0b20191f0_0 .net *"_ivl_9", 0 0, L_0x7fa0b201f570;  1 drivers
v0x7fa0b20192a0_0 .net "w_b", 0 0, L_0x7fa0b201e4c0;  alias, 1 drivers
v0x7fa0b2019350_0 .net "w_i", 0 0, L_0x7fa0b201edf0;  alias, 1 drivers
v0x7fa0b2018820_0 .net "w_imm", 31 0, L_0x7fa0b2021490;  alias, 1 drivers
v0x7fa0b20195e0_0 .net "w_ir", 31 0, L_0x7fa0b201e190;  alias, 1 drivers
v0x7fa0b2019670_0 .net "w_j", 0 0, L_0x7fa0b201e960;  alias, 1 drivers
v0x7fa0b2019700_0 .net "w_s", 0 0, L_0x7fa0b201e360;  alias, 1 drivers
v0x7fa0b2019790_0 .net "w_u", 0 0, L_0x7fa0b201e830;  alias, 1 drivers
L_0x7fa0b201ef80 .part L_0x7fa0b201e190, 31, 1;
LS_0x7fa0b201f020_0_0 .concat [ 1 1 1 1], L_0x7fa0b201ef80, L_0x7fa0b201ef80, L_0x7fa0b201ef80, L_0x7fa0b201ef80;
LS_0x7fa0b201f020_0_4 .concat [ 1 1 1 1], L_0x7fa0b201ef80, L_0x7fa0b201ef80, L_0x7fa0b201ef80, L_0x7fa0b201ef80;
LS_0x7fa0b201f020_0_8 .concat [ 1 1 1 1], L_0x7fa0b201ef80, L_0x7fa0b201ef80, L_0x7fa0b201ef80, L_0x7fa0b201ef80;
LS_0x7fa0b201f020_0_12 .concat [ 1 1 1 1], L_0x7fa0b201ef80, L_0x7fa0b201ef80, L_0x7fa0b201ef80, L_0x7fa0b201ef80;
LS_0x7fa0b201f020_0_16 .concat [ 1 1 1 1], L_0x7fa0b201ef80, L_0x7fa0b201ef80, L_0x7fa0b201ef80, L_0x7fa0b201ef80;
LS_0x7fa0b201f020_1_0 .concat [ 4 4 4 4], LS_0x7fa0b201f020_0_0, LS_0x7fa0b201f020_0_4, LS_0x7fa0b201f020_0_8, LS_0x7fa0b201f020_0_12;
LS_0x7fa0b201f020_1_4 .concat [ 4 0 0 0], LS_0x7fa0b201f020_0_16;
L_0x7fa0b201f020 .concat [ 16 4 0 0], LS_0x7fa0b201f020_1_0, LS_0x7fa0b201f020_1_4;
L_0x7fa0b201f230 .part L_0x7fa0b201e190, 20, 12;
L_0x7fa0b201f170 .concat [ 12 20 0 0], L_0x7fa0b201f230, L_0x7fa0b201f020;
L_0x7fa0b201f570 .part L_0x7fa0b201e190, 31, 1;
LS_0x7fa0b201f740_0_0 .concat [ 1 1 1 1], L_0x7fa0b201f570, L_0x7fa0b201f570, L_0x7fa0b201f570, L_0x7fa0b201f570;
LS_0x7fa0b201f740_0_4 .concat [ 1 1 1 1], L_0x7fa0b201f570, L_0x7fa0b201f570, L_0x7fa0b201f570, L_0x7fa0b201f570;
LS_0x7fa0b201f740_0_8 .concat [ 1 1 1 1], L_0x7fa0b201f570, L_0x7fa0b201f570, L_0x7fa0b201f570, L_0x7fa0b201f570;
LS_0x7fa0b201f740_0_12 .concat [ 1 1 1 1], L_0x7fa0b201f570, L_0x7fa0b201f570, L_0x7fa0b201f570, L_0x7fa0b201f570;
LS_0x7fa0b201f740_0_16 .concat [ 1 1 1 1], L_0x7fa0b201f570, L_0x7fa0b201f570, L_0x7fa0b201f570, L_0x7fa0b201f570;
LS_0x7fa0b201f740_1_0 .concat [ 4 4 4 4], LS_0x7fa0b201f740_0_0, LS_0x7fa0b201f740_0_4, LS_0x7fa0b201f740_0_8, LS_0x7fa0b201f740_0_12;
LS_0x7fa0b201f740_1_4 .concat [ 4 0 0 0], LS_0x7fa0b201f740_0_16;
L_0x7fa0b201f740 .concat [ 16 4 0 0], LS_0x7fa0b201f740_1_0, LS_0x7fa0b201f740_1_4;
L_0x7fa0b201f910 .part L_0x7fa0b201e190, 25, 7;
L_0x7fa0b201fc10 .part L_0x7fa0b201e190, 7, 5;
L_0x7fa0b201fcb0 .concat [ 5 7 20 0], L_0x7fa0b201fc10, L_0x7fa0b201f910, L_0x7fa0b201f740;
L_0x7fa0b201fd50 .part L_0x7fa0b201e190, 31, 1;
LS_0x7fa0b201fdf0_0_0 .concat [ 1 1 1 1], L_0x7fa0b201fd50, L_0x7fa0b201fd50, L_0x7fa0b201fd50, L_0x7fa0b201fd50;
LS_0x7fa0b201fdf0_0_4 .concat [ 1 1 1 1], L_0x7fa0b201fd50, L_0x7fa0b201fd50, L_0x7fa0b201fd50, L_0x7fa0b201fd50;
LS_0x7fa0b201fdf0_0_8 .concat [ 1 1 1 1], L_0x7fa0b201fd50, L_0x7fa0b201fd50, L_0x7fa0b201fd50, L_0x7fa0b201fd50;
LS_0x7fa0b201fdf0_0_12 .concat [ 1 1 1 1], L_0x7fa0b201fd50, L_0x7fa0b201fd50, L_0x7fa0b201fd50, L_0x7fa0b201fd50;
LS_0x7fa0b201fdf0_0_16 .concat [ 1 1 1 1], L_0x7fa0b201fd50, L_0x7fa0b201fd50, L_0x7fa0b201fd50, L_0x7fa0b201fd50;
LS_0x7fa0b201fdf0_1_0 .concat [ 4 4 4 4], LS_0x7fa0b201fdf0_0_0, LS_0x7fa0b201fdf0_0_4, LS_0x7fa0b201fdf0_0_8, LS_0x7fa0b201fdf0_0_12;
LS_0x7fa0b201fdf0_1_4 .concat [ 4 0 0 0], LS_0x7fa0b201fdf0_0_16;
L_0x7fa0b201fdf0 .concat [ 16 4 0 0], LS_0x7fa0b201fdf0_1_0, LS_0x7fa0b201fdf0_1_4;
L_0x7fa0b201ffc0 .part L_0x7fa0b201e190, 7, 1;
L_0x7fa0b20202c0 .part L_0x7fa0b201e190, 25, 6;
L_0x7fa0b2020360 .part L_0x7fa0b201e190, 8, 4;
LS_0x7fa0b2020480_0_0 .concat [ 1 4 6 1], L_0x7fa0b2263248, L_0x7fa0b2020360, L_0x7fa0b20202c0, L_0x7fa0b201ffc0;
LS_0x7fa0b2020480_0_4 .concat [ 20 0 0 0], L_0x7fa0b201fdf0;
L_0x7fa0b2020480 .concat [ 12 20 0 0], LS_0x7fa0b2020480_0_0, LS_0x7fa0b2020480_0_4;
L_0x7fa0b20205a0 .part L_0x7fa0b201e190, 12, 20;
L_0x7fa0b2020640 .concat [ 12 20 0 0], L_0x7fa0b2263290, L_0x7fa0b20205a0;
L_0x7fa0b20207f0 .part L_0x7fa0b201e190, 31, 1;
LS_0x7fa0b201f610_0_0 .concat [ 1 1 1 1], L_0x7fa0b20207f0, L_0x7fa0b20207f0, L_0x7fa0b20207f0, L_0x7fa0b20207f0;
LS_0x7fa0b201f610_0_4 .concat [ 1 1 1 1], L_0x7fa0b20207f0, L_0x7fa0b20207f0, L_0x7fa0b20207f0, L_0x7fa0b20207f0;
LS_0x7fa0b201f610_0_8 .concat [ 1 1 1 1], L_0x7fa0b20207f0, L_0x7fa0b20207f0, L_0x7fa0b20207f0, L_0x7fa0b20207f0;
L_0x7fa0b201f610 .concat [ 4 4 4 0], LS_0x7fa0b201f610_0_0, LS_0x7fa0b201f610_0_4, LS_0x7fa0b201f610_0_8;
L_0x7fa0b2020cb0 .part L_0x7fa0b201e190, 12, 8;
L_0x7fa0b2020d50 .part L_0x7fa0b201e190, 20, 1;
L_0x7fa0b2020c10 .part L_0x7fa0b201e190, 21, 10;
LS_0x7fa0b2020ea0_0_0 .concat [ 1 10 1 8], L_0x7fa0b22632d8, L_0x7fa0b2020c10, L_0x7fa0b2020d50, L_0x7fa0b2020cb0;
LS_0x7fa0b2020ea0_0_4 .concat [ 12 0 0 0], L_0x7fa0b201f610;
L_0x7fa0b2020ea0 .concat [ 20 12 0 0], LS_0x7fa0b2020ea0_0_0, LS_0x7fa0b2020ea0_0_4;
L_0x7fa0b2020df0 .functor MUXZ 32, L_0x7fa0b2263320, L_0x7fa0b2020ea0, L_0x7fa0b201e960, C4<>;
L_0x7fa0b2021100 .functor MUXZ 32, L_0x7fa0b2020df0, L_0x7fa0b2020640, L_0x7fa0b201e830, C4<>;
L_0x7fa0b2021270 .functor MUXZ 32, L_0x7fa0b2021100, L_0x7fa0b2020480, L_0x7fa0b201e4c0, C4<>;
L_0x7fa0b2021310 .functor MUXZ 32, L_0x7fa0b2021270, L_0x7fa0b201fcb0, L_0x7fa0b201e360, C4<>;
L_0x7fa0b2021490 .functor MUXZ 32, L_0x7fa0b2021310, L_0x7fa0b201f170, L_0x7fa0b201edf0, C4<>;
S_0x7fa0b201a270 .scope module, "m5" "m_rf" 4 19, 9 1 0, S_0x7fa0b2014b10;
 .timescale 0 0;
    .port_info 0 /INPUT 1 "w_clk";
    .port_info 1 /INPUT 1 "w_we";
    .port_info 2 /INPUT 5 "w_ra1";
    .port_info 3 /INPUT 5 "w_ra2";
    .port_info 4 /INPUT 5 "w_wa";
    .port_info 5 /OUTPUT 32 "w_rd1";
    .port_info 6 /OUTPUT 32 "w_rd2";
    .port_info 7 /INPUT 32 "w_wd";
L_0x7fa0b2021a10 .functor BUFZ 32, L_0x7fa0b2021850, C4<00000000000000000000000000000000>, C4<00000000000000000000000000000000>, C4<00000000000000000000000000000000>;
L_0x7fa0b2021cc0 .functor BUFZ 32, L_0x7fa0b2021ac0, C4<00000000000000000000000000000000>, C4<00000000000000000000000000000000>, C4<00000000000000000000000000000000>;
v0x7fa0b201a520_0 .net *"_ivl_0", 31 0, L_0x7fa0b2021850;  1 drivers
v0x7fa0b201a5e0_0 .net *"_ivl_10", 6 0, L_0x7fa0b2021b60;  1 drivers
L_0x7fa0b2263440 .functor BUFT 1, C4<00>, C4<0>, C4<0>, C4<0>;
v0x7fa0b201a690_0 .net *"_ivl_13", 1 0, L_0x7fa0b2263440;  1 drivers
v0x7fa0b201a750_0 .net *"_ivl_2", 6 0, L_0x7fa0b20218f0;  1 drivers
L_0x7fa0b22633f8 .functor BUFT 1, C4<00>, C4<0>, C4<0>, C4<0>;
v0x7fa0b201a800_0 .net *"_ivl_5", 1 0, L_0x7fa0b22633f8;  1 drivers
v0x7fa0b201a8f0_0 .net *"_ivl_8", 31 0, L_0x7fa0b2021ac0;  1 drivers
v0x7fa0b201a9a0_0 .var/i "i", 31 0;
v0x7fa0b201aa50 .array "mem", 31 0, 31 0;
v0x7fa0b201aaf0_0 .net "w_clk", 0 0, v0x7fa0b201dbc0_0;  alias, 1 drivers
v0x7fa0b201ac00_0 .net "w_ra1", 4 0, L_0x7fa0b20220b0;  1 drivers
v0x7fa0b201aca0_0 .net "w_ra2", 4 0, L_0x7fa0b2022190;  1 drivers
v0x7fa0b201ad50_0 .net "w_rd1", 31 0, L_0x7fa0b2021a10;  alias, 1 drivers
v0x7fa0b201ae00_0 .net "w_rd2", 31 0, L_0x7fa0b2021cc0;  alias, 1 drivers
v0x7fa0b201aeb0_0 .net "w_wa", 4 0, L_0x7fa0b2022270;  1 drivers
v0x7fa0b201af60_0 .net "w_wd", 31 0, L_0x7fa0b2022be0;  alias, 1 drivers
v0x7fa0b201b020_0 .net "w_we", 0 0, L_0x7fa0b201d8c0;  1 drivers
E_0x7fa0b201a4e0 .event posedge, v0x7fa0b201aaf0_0;
L_0x7fa0b2021850 .array/port v0x7fa0b201aa50, L_0x7fa0b20218f0;
L_0x7fa0b20218f0 .concat [ 5 2 0 0], L_0x7fa0b20220b0, L_0x7fa0b22633f8;
L_0x7fa0b2021ac0 .array/port v0x7fa0b201aa50, L_0x7fa0b2021b60;
L_0x7fa0b2021b60 .concat [ 5 2 0 0], L_0x7fa0b2022190, L_0x7fa0b2263440;
S_0x7fa0b201b130 .scope module, "m6" "m_adder" 4 29, 6 1 0, S_0x7fa0b2014b10;
 .timescale 0 0;
    .port_info 0 /INPUT 32 "w_in1";
    .port_info 1 /INPUT 32 "w_in2";
    .port_info 2 /OUTPUT 32 "w_out";
v0x7fa0b201b360_0 .net "w_in1", 31 0, L_0x7fa0b2021490;  alias, 1 drivers
v0x7fa0b201b410_0 .net "w_in2", 31 0, v0x7fa0b201cc10_0;  alias, 1 drivers
v0x7fa0b201b4f0_0 .net "w_out", 31 0, L_0x7fa0b2022310;  alias, 1 drivers
L_0x7fa0b2022310 .arith/sum 32, L_0x7fa0b2021490, v0x7fa0b201cc10_0;
S_0x7fa0b201b5c0 .scope module, "m7" "m_mulp" 4 30, 5 1 0, S_0x7fa0b2014b10;
 .timescale 0 0;
    .port_info 0 /INPUT 32 "w_in0";
    .port_info 1 /INPUT 32 "w_in1";
    .port_info 2 /INPUT 1 "w_sel";
    .port_info 3 /OUTPUT 32 "w_out";
P_0x7fa0b201b780 .param/l "WIDTH" 0 5 1, +C4<00000000000000000000000000100000>;
v0x7fa0b201b900_0 .net "w_in0", 31 0, L_0x7fa0b2021cc0;  alias, 1 drivers
v0x7fa0b201b9d0_0 .net "w_in1", 31 0, L_0x7fa0b2021490;  alias, 1 drivers
v0x7fa0b201ba60_0 .net "w_out", 31 0, L_0x7fa0b2022410;  alias, 1 drivers
v0x7fa0b201baf0_0 .net "w_sel", 0 0, L_0x7fa0b201e560;  1 drivers
L_0x7fa0b2022410 .functor MUXZ 32, L_0x7fa0b2021cc0, L_0x7fa0b2021490, L_0x7fa0b201e560, C4<>;
S_0x7fa0b201bba0 .scope module, "m8" "m_alu" 4 31, 10 1 0, S_0x7fa0b2014b10;
 .timescale 0 0;
    .port_info 0 /INPUT 32 "w_in1";
    .port_info 1 /INPUT 32 "w_in2";
    .port_info 2 /OUTPUT 32 "w_out";
    .port_info 3 /OUTPUT 1 "w_tkn";
v0x7fa0b201be40_0 .net "w_in1", 31 0, L_0x7fa0b2021a10;  alias, 1 drivers
v0x7fa0b201bf10_0 .net "w_in2", 31 0, L_0x7fa0b2022410;  alias, 1 drivers
v0x7fa0b201bfa0_0 .net "w_out", 31 0, L_0x7fa0b20227b0;  alias, 1 drivers
v0x7fa0b201c050_0 .net "w_tkn", 0 0, L_0x7fa0b2022a30;  alias, 1 drivers
L_0x7fa0b20227b0 .arith/sum 32, L_0x7fa0b2021a10, L_0x7fa0b2022410;
L_0x7fa0b2022a30 .cmp/ne 32, L_0x7fa0b2021a10, L_0x7fa0b2022410;
S_0x7fa0b201c130 .scope module, "m9" "am_dmem" 4 32, 11 1 0, S_0x7fa0b2014b10;
 .timescale 0 0;
    .port_info 0 /INPUT 1 "clk";
    .port_info 1 /INPUT 32 "w_adr";
    .port_info 2 /INPUT 32 "w_wd";
    .port_info 3 /INPUT 1 "w_we";
    .port_info 4 /OUTPUT 32 "w_rd";
L_0x7fa0b2022b70 .functor BUFZ 32, L_0x7fa0b2022ad0, C4<00000000000000000000000000000000>, C4<00000000000000000000000000000000>, C4<00000000000000000000000000000000>;
v0x7fa0b201c3a0_0 .net *"_ivl_0", 31 0, L_0x7fa0b2022ad0;  1 drivers
v0x7fa0b201c460_0 .net "clk", 0 0, v0x7fa0b201dbc0_0;  alias, 1 drivers
v0x7fa0b201c500_0 .var/i "i", 31 0;
v0x7fa0b201c5b0 .array "mem", 0 63, 31 0;
v0x7fa0b201c640_0 .net "w_adr", 31 0, L_0x7fa0b20227b0;  alias, 1 drivers
v0x7fa0b201c760_0 .net "w_rd", 31 0, L_0x7fa0b2022b70;  alias, 1 drivers
v0x7fa0b201c7f0_0 .net "w_wd", 31 0, L_0x7fa0b2021cc0;  alias, 1 drivers
v0x7fa0b201c8c0_0 .net "w_we", 0 0, L_0x7fa0b201e360;  alias, 1 drivers
L_0x7fa0b2022ad0 .array/port v0x7fa0b201c5b0, L_0x7fa0b20227b0;
    .scope S_0x7fa0b2015da0;
T_0 ;
    %pushi/vec4 0, 0, 32;
    %store/vec4 v0x7fa0b2016260_0, 0, 32;
T_0.0 ;
    %load/vec4 v0x7fa0b2016260_0;
    %cmpi/s 64, 0, 32;
    %jmp/0xz T_0.1, 5;
    %pushi/vec4 0, 0, 32;
    %ix/getv/s 4, v0x7fa0b2016260_0;
    %store/vec4a v0x7fa0b2016350, 4, 0;
    %load/vec4 v0x7fa0b2016260_0;
    %addi 1, 0, 32;
    %store/vec4 v0x7fa0b2016260_0, 0, 32;
    %jmp T_0.0;
T_0.1 ;
    %end;
    .thread T_0;
    .scope S_0x7fa0b201a270;
T_1 ;
    %wait E_0x7fa0b201a4e0;
    %load/vec4 v0x7fa0b201b020_0;
    %flag_set/vec4 8;
    %jmp/0xz  T_1.0, 8;
    %load/vec4 v0x7fa0b201af60_0;
    %load/vec4 v0x7fa0b201aeb0_0;
    %pad/u 7;
    %ix/vec4 3;
    %ix/load 4, 0, 0; Constant delay
    %assign/vec4/a/d v0x7fa0b201aa50, 0, 4;
T_1.0 ;
    %jmp T_1;
    .thread T_1;
    .scope S_0x7fa0b201a270;
T_2 ;
    %wait E_0x7fa0b201a4e0;
    %load/vec4 v0x7fa0b201b020_0;
    %flag_set/vec4 9;
    %flag_get/vec4 9;
    %jmp/0 T_2.2, 9;
    %load/vec4 v0x7fa0b201aeb0_0;
    %pushi/vec4 30, 0, 5;
    %cmp/e;
    %flag_get/vec4 4;
    %and;
T_2.2;
    %flag_set/vec4 8;
    %jmp/0xz  T_2.0, 8;
    %vpi_call 9 15 "$finish" {0 0 0};
T_2.0 ;
    %jmp T_2;
    .thread T_2;
    .scope S_0x7fa0b201a270;
T_3 ;
    %pushi/vec4 0, 0, 32;
    %store/vec4 v0x7fa0b201a9a0_0, 0, 32;
T_3.0 ;
    %load/vec4 v0x7fa0b201a9a0_0;
    %cmpi/s 32, 0, 32;
    %jmp/0xz T_3.1, 5;
    %pushi/vec4 0, 0, 32;
    %ix/getv/s 4, v0x7fa0b201a9a0_0;
    %store/vec4a v0x7fa0b201aa50, 4, 0;
    %load/vec4 v0x7fa0b201a9a0_0;
    %addi 1, 0, 32;
    %store/vec4 v0x7fa0b201a9a0_0, 0, 32;
    %jmp T_3.0;
T_3.1 ;
    %end;
    .thread T_3;
    .scope S_0x7fa0b201c130;
T_4 ;
    %wait E_0x7fa0b201a4e0;
    %load/vec4 v0x7fa0b201c8c0_0;
    %cmpi/e 1, 0, 1;
    %jmp/0xz  T_4.0, 4;
    %load/vec4 v0x7fa0b201c7f0_0;
    %ix/getv 3, v0x7fa0b201c640_0;
    %ix/load 4, 0, 0; Constant delay
    %assign/vec4/a/d v0x7fa0b201c5b0, 0, 4;
T_4.0 ;
    %jmp T_4;
    .thread T_4;
    .scope S_0x7fa0b201c130;
T_5 ;
    %pushi/vec4 0, 0, 32;
    %store/vec4 v0x7fa0b201c500_0, 0, 32;
T_5.0 ;
    %load/vec4 v0x7fa0b201c500_0;
    %cmpi/s 64, 0, 32;
    %jmp/0xz T_5.1, 5;
    %pushi/vec4 0, 0, 32;
    %ix/getv/s 4, v0x7fa0b201c500_0;
    %store/vec4a v0x7fa0b201c5b0, 4, 0;
    %load/vec4 v0x7fa0b201c500_0;
    %addi 1, 0, 32;
    %store/vec4 v0x7fa0b201c500_0, 0, 32;
    %jmp T_5.0;
T_5.1 ;
    %end;
    .thread T_5;
    .scope S_0x7fa0b2014b10;
T_6 ;
    %pushi/vec4 0, 0, 32;
    %store/vec4 v0x7fa0b201cc10_0, 0, 32;
    %end;
    .thread T_6;
    .scope S_0x7fa0b2014b10;
T_7 ;
    %wait E_0x7fa0b201a4e0;
    %load/vec4 v0x7fa0b201d420_0;
    %assign/vec4 v0x7fa0b201cc10_0, 0;
    %jmp T_7;
    .thread T_7;
    .scope S_0x7fa0b20047f0;
T_8 ;
    %pushi/vec4 0, 0, 1;
    %store/vec4 v0x7fa0b201dbc0_0, 0, 1;
    %end;
    .thread T_8;
    .scope S_0x7fa0b20047f0;
T_9 ;
    %delay 150, 0;
T_9.0 ;
    %delay 50, 0;
    %load/vec4 v0x7fa0b201dbc0_0;
    %inv;
    %store/vec4 v0x7fa0b201dbc0_0, 0, 1;
    %jmp T_9.0;
    %end;
    .thread T_9;
    .scope S_0x7fa0b20047f0;
T_10 ;
    %pushi/vec4 5243027, 0, 32;
    %ix/load 4, 0, 0;
    %flag_set/imm 4, 0;
    %store/vec4a v0x7fa0b2016350, 4, 0;
    %pushi/vec4 1081651, 0, 32;
    %ix/load 4, 1, 0;
    %flag_set/imm 4, 0;
    %store/vec4a v0x7fa0b2016350, 4, 0;
    %pushi/vec4 1081491, 0, 32;
    %ix/load 4, 2, 0;
    %flag_set/imm 4, 0;
    %store/vec4a v0x7fa0b2016350, 4, 0;
    %pushi/vec4 4263550691, 0, 32;
    %ix/load 4, 3, 0;
    %flag_set/imm 4, 0;
    %store/vec4a v0x7fa0b2016350, 4, 0;
    %pushi/vec4 9471251, 0, 32;
    %ix/load 4, 4, 0;
    %flag_set/imm 4, 0;
    %store/vec4a v0x7fa0b2016350, 4, 0;
    %end;
    .thread T_10;
    .scope S_0x7fa0b20047f0;
T_11 ;
    %delay 99, 0;
T_11.0 ;
    %delay 100, 0;
    %vpi_call 3 11 "$display", "time:%4d pc:%h imm:%h r1 %d s2 %d w_rWB:%d", $time, v0x7fa0b201cc10_0, v0x7fa0b201d000_0, v0x7fa0b201d680_0, v0x7fa0b201d940_0, v0x7fa0b201d7a0_0 {0 0 0};
    %jmp T_11.0;
    %end;
    .thread T_11;
    .scope S_0x7fa0b20047f0;
T_12 ;
    %delay 1400, 0;
    %vpi_call 3 14 "$finish" {0 0 0};
    %end;
    .thread T_12;
# The file index is used to find the file name in the following table.
:file_names 12;
    "N/A";
    "<interactive>";
    "m_comp.sv";
    "m_top.sv";
    "m_proc5.sv";
    "m_mulp.sv";
    "m_adder.sv";
    "am_imem.sv";
    "m_gen_imm.sv";
    "m_rf.sv";
    "m_alu.sv";
    "am_dmem.sv";
